=========== Donated1 ===========
DT: 40 -> FAR: 0.32552, FRR: 93.25396
DT: 41 -> FAR: 0.28211, FRR: 93.65079
DT: 42 -> FAR: 0.23871, FRR: 94.04761
DT: 43 -> FAR: 0.13020, FRR: 94.04761
DT: 44 -> FAR: 0.13020, FRR: 94.04761
DT: 45 -> FAR: 0.04340, FRR: 94.44444
DT: 46 -> FAR: 0.04340, FRR: 94.44444
DT: 47 -> FAR: 0.04340, FRR: 94.44444
DT: 48 -> FAR: 0.04340, FRR: 94.84126
DT: 49 -> FAR: 0.04340, FRR: 94.84126
DT: 50 -> FAR: 0.00000, FRR: 94.84126

=========== FVC2000/DB1_B ===========
DT: 40 -> FAR: 0.00000, FRR: 37.50000
DT: 41 -> FAR: 0.00000, FRR: 38.57142
DT: 42 -> FAR: 0.00000, FRR: 39.64285
DT: 43 -> FAR: 0.00000, FRR: 41.60714
DT: 44 -> FAR: 0.00000, FRR: 43.75000
DT: 45 -> FAR: 0.00000, FRR: 44.64285
DT: 46 -> FAR: 0.00000, FRR: 45.35714
DT: 47 -> FAR: 0.00000, FRR: 47.32142
DT: 48 -> FAR: 0.00000, FRR: 48.03571
DT: 49 -> FAR: 0.00000, FRR: 49.10714
DT: 50 -> FAR: 0.00000, FRR: 50.17857

=========== FVC2000/DB2_B ===========
DT: 40 -> FAR: 0.03472, FRR: 23.75000
DT: 41 -> FAR: 0.00000, FRR: 24.46428
DT: 42 -> FAR: 0.00000, FRR: 24.46428
DT: 43 -> FAR: 0.00000, FRR: 25.17857
DT: 44 -> FAR: 0.00000, FRR: 25.17857
DT: 45 -> FAR: 0.00000, FRR: 25.53571
DT: 46 -> FAR: 0.00000, FRR: 26.25000
DT: 47 -> FAR: 0.00000, FRR: 27.67857
DT: 48 -> FAR: 0.00000, FRR: 28.03571
DT: 49 -> FAR: 0.00000, FRR: 28.03571
DT: 50 -> FAR: 0.00000, FRR: 29.28571

=========== FVC2000/DB3_B ===========
DT: 40 -> FAR: 0.31250, FRR: 43.75000
DT: 41 -> FAR: 0.24305, FRR: 45.00000
DT: 42 -> FAR: 0.10416, FRR: 47.85714
DT: 43 -> FAR: 0.05208, FRR: 50.00000
DT: 44 -> FAR: 0.05208, FRR: 51.25000
DT: 45 -> FAR: 0.05208, FRR: 53.21428
DT: 46 -> FAR: 0.05208, FRR: 57.32142
DT: 47 -> FAR: 0.03472, FRR: 60.00000
DT: 48 -> FAR: 0.00000, FRR: 61.07142
DT: 49 -> FAR: 0.00000, FRR: 63.21428
DT: 50 -> FAR: 0.00000, FRR: 64.46428

=========== FVC2000/DB4_B ===========
DT: 40 -> FAR: 0.00000, FRR: 41.42857
DT: 41 -> FAR: 0.00000, FRR: 43.39285
DT: 42 -> FAR: 0.00000, FRR: 44.10714
DT: 43 -> FAR: 0.00000, FRR: 46.25000
DT: 44 -> FAR: 0.00000, FRR: 47.50000
DT: 45 -> FAR: 0.00000, FRR: 49.10714
DT: 46 -> FAR: 0.00000, FRR: 49.46428
DT: 47 -> FAR: 0.00000, FRR: 49.82142
DT: 48 -> FAR: 0.00000, FRR: 50.89285
DT: 49 -> FAR: 0.00000, FRR: 51.25000
DT: 50 -> FAR: 0.00000, FRR: 51.42857

=========== FVC2002/DB1_B ===========
DT: 40 -> FAR: 0.00000, FRR: 47.67857
DT: 41 -> FAR: 0.00000, FRR: 48.75000
DT: 42 -> FAR: 0.00000, FRR: 49.46428
DT: 43 -> FAR: 0.00000, FRR: 50.17857
DT: 44 -> FAR: 0.00000, FRR: 51.96428
DT: 45 -> FAR: 0.00000, FRR: 51.96428
DT: 46 -> FAR: 0.00000, FRR: 52.67857
DT: 47 -> FAR: 0.00000, FRR: 54.10714
DT: 48 -> FAR: 0.00000, FRR: 54.28571
DT: 49 -> FAR: 0.00000, FRR: 54.28571
DT: 50 -> FAR: 0.00000, FRR: 54.46428

=========== FVC2002/DB2_B ===========
DT: 40 -> FAR: 0.00000, FRR: 32.14285
DT: 41 -> FAR: 0.00000, FRR: 32.50000
DT: 42 -> FAR: 0.00000, FRR: 32.85714
DT: 43 -> FAR: 0.00000, FRR: 34.64285
DT: 44 -> FAR: 0.00000, FRR: 36.25000
DT: 45 -> FAR: 0.00000, FRR: 36.42857
DT: 46 -> FAR: 0.00000, FRR: 36.42857
DT: 47 -> FAR: 0.00000, FRR: 36.25000
DT: 48 -> FAR: 0.00000, FRR: 36.60714
DT: 49 -> FAR: 0.00000, FRR: 38.03571
DT: 50 -> FAR: 0.00000, FRR: 39.46428

=========== FVC2002/DB3_B ===========
DT: 40 -> FAR: 0.00000, FRR: 85.53571
DT: 41 -> FAR: 0.00000, FRR: 86.96428
DT: 42 -> FAR: 0.00000, FRR: 87.85714
DT: 43 -> FAR: 0.00000, FRR: 88.21428
DT: 44 -> FAR: 0.00000, FRR: 89.10714
DT: 45 -> FAR: 0.00000, FRR: 89.46428
DT: 46 -> FAR: 0.00000, FRR: 89.82142
DT: 47 -> FAR: 0.00000, FRR: 91.07142
DT: 48 -> FAR: 0.00000, FRR: 91.07142
DT: 49 -> FAR: 0.00000, FRR: 91.07142
DT: 50 -> FAR: 0.00000, FRR: 91.42857

=========== FVC2002/DB4_B ===========
DT: 40 -> FAR: 0.06944, FRR: 48.03571
DT: 41 -> FAR: 0.06944, FRR: 48.75000
DT: 42 -> FAR: 0.03472, FRR: 50.17857
DT: 43 -> FAR: 0.03472, FRR: 50.53571
DT: 44 -> FAR: 0.03472, FRR: 51.42857
DT: 45 -> FAR: 0.03472, FRR: 51.96428
DT: 46 -> FAR: 0.03472, FRR: 53.39285
DT: 47 -> FAR: 0.03472, FRR: 55.35714
DT: 48 -> FAR: 0.03472, FRR: 55.89285
DT: 49 -> FAR: 0.03472, FRR: 56.96428
DT: 50 -> FAR: 0.00000, FRR: 59.28571

=========== FVC2004/DB1_B ===========
DT: 40 -> FAR: 0.05208, FRR: 46.42857
DT: 41 -> FAR: 0.03472, FRR: 47.50000
DT: 42 -> FAR: 0.03472, FRR: 48.57142
DT: 43 -> FAR: 0.03472, FRR: 48.57142
DT: 44 -> FAR: 0.03472, FRR: 48.92857
DT: 45 -> FAR: 0.03472, FRR: 49.10714
DT: 46 -> FAR: 0.03472, FRR: 49.46428
DT: 47 -> FAR: 0.03472, FRR: 51.25000
DT: 48 -> FAR: 0.03472, FRR: 52.50000
DT: 49 -> FAR: 0.00000, FRR: 54.82142
DT: 50 -> FAR: 0.00000, FRR: 55.00000

=========== FVC2004/DB2_B ===========
DT: 40 -> FAR: 0.00000, FRR: 78.39285
DT: 41 -> FAR: 0.00000, FRR: 79.28571
DT: 42 -> FAR: 0.00000, FRR: 80.00000
DT: 43 -> FAR: 0.00000, FRR: 80.00000
DT: 44 -> FAR: 0.00000, FRR: 80.35714
DT: 45 -> FAR: 0.00000, FRR: 81.78571
DT: 46 -> FAR: 0.00000, FRR: 83.03571
DT: 47 -> FAR: 0.00000, FRR: 83.57142
DT: 48 -> FAR: 0.00000, FRR: 83.57142
DT: 49 -> FAR: 0.00000, FRR: 84.28571
DT: 50 -> FAR: 0.00000, FRR: 84.46428

=========== FVC2004/DB3_B ===========
DT: 40 -> FAR: 0.05208, FRR: 29.28571
DT: 41 -> FAR: 0.00000, FRR: 30.35714
DT: 42 -> FAR: 0.00000, FRR: 32.32142
DT: 43 -> FAR: 0.00000, FRR: 33.21428
DT: 44 -> FAR: 0.00000, FRR: 35.00000
DT: 45 -> FAR: 0.00000, FRR: 37.32142
DT: 46 -> FAR: 0.00000, FRR: 37.67857
DT: 47 -> FAR: 0.00000, FRR: 40.17857
DT: 48 -> FAR: 0.00000, FRR: 40.17857
DT: 49 -> FAR: 0.00000, FRR: 40.17857
DT: 50 -> FAR: 0.00000, FRR: 40.00000

=========== FVC2004/DB4_B ===========
DT: 40 -> FAR: 0.00000, FRR: 54.10714
DT: 41 -> FAR: 0.00000, FRR: 54.10714
DT: 42 -> FAR: 0.00000, FRR: 54.46428
DT: 43 -> FAR: 0.00000, FRR: 56.60714
DT: 44 -> FAR: 0.00000, FRR: 57.67857
DT: 45 -> FAR: 0.00000, FRR: 57.67857
DT: 46 -> FAR: 0.00000, FRR: 58.03571
DT: 47 -> FAR: 0.00000, FRR: 58.39285
DT: 48 -> FAR: 0.00000, FRR: 58.75000
DT: 49 -> FAR: 0.00000, FRR: 60.00000
DT: 50 -> FAR: 0.00000, FRR: 60.89285

=========== Neurotech/CM ===========
DT: 40 -> FAR: 0.00122, FRR: 3.15126
DT: 41 -> FAR: 0.00122, FRR: 3.22128
DT: 42 -> FAR: 0.00122, FRR: 3.22128
DT: 43 -> FAR: 0.00000, FRR: 3.25630
DT: 44 -> FAR: 0.00000, FRR: 3.36134
DT: 45 -> FAR: 0.00000, FRR: 3.36134
DT: 46 -> FAR: 0.00000, FRR: 3.39635
DT: 47 -> FAR: 0.00000, FRR: 3.64145
DT: 48 -> FAR: 0.00000, FRR: 3.81652
DT: 49 -> FAR: 0.00000, FRR: 4.09663
DT: 50 -> FAR: 0.00000, FRR: 4.13165

=========== Neurotech/UrU ===========
DT: 40 -> FAR: 0.01727, FRR: 6.95054
DT: 41 -> FAR: 0.01201, FRR: 7.17032
DT: 42 -> FAR: 0.01014, FRR: 7.63736
DT: 43 -> FAR: 0.00939, FRR: 7.80219
DT: 44 -> FAR: 0.00788, FRR: 8.87362
DT: 45 -> FAR: 0.00676, FRR: 9.25824
DT: 46 -> FAR: 0.00450, FRR: 9.56043
DT: 47 -> FAR: 0.00450, FRR: 9.86263
DT: 48 -> FAR: 0.00375, FRR: 10.13736
DT: 49 -> FAR: 0.00375, FRR: 10.85164
DT: 50 -> FAR: 0.00300, FRR: 11.42857

